ERROR:root:[PUSH DATA] Entry number #18, DOI=10.1038/ismej.2015.138, couldn't be posted. Reason: {'status': 400, 'message': 'Validation error.', 'errors': [{'field': 'metadata.custom', 'message': 'No values were provided for term "obo:RO_0002453".'}]}. Status Code: 400
ERROR:root:[PUSH DATA] Entry number #40, DOI=10.1038/s41586-018-0010-9, couldn't be posted. Reason: {'status': 400, 'message': 'Validation error.', 'errors': [{'field': 'metadata.custom', 'message': 'No values were provided for term "obo:RO_0002453".'}]}. Status Code: 400
ERROR:root:[PUSH DATA] Entry number #44, DOI=10.1002/jmv.25726, couldn't be posted. Reason: {'status': 400, 'message': 'Validation error.', 'errors': [{'field': 'metadata.doi', 'message': 'DOI already exists in Zenodo.'}, {'field': 'metadata.custom', 'message': 'No values were provided for term "obo:RO_0002453".'}]}. Status Code: 400
ERROR:root:[PUSH DATA] Entry number #47, DOI=10.1016/j.celrep.2018.07.045, couldn't be posted. Reason: {'status': 400, 'message': 'Validation error.', 'errors': [{'field': 'metadata.custom', 'message': 'No values were provided for term "obo:RO_0002453".'}]}. Status Code: 400
ERROR:root:[PUSH DATA] Entry number #54, DOI=10.1073/pnas.1814995116, couldn't be posted. Reason: {'status': 400, 'message': 'Validation error.', 'errors': [{'field': 'metadata.custom', 'message': 'No values were provided for term "obo:RO_0002453".'}]}. Status Code: 400
ERROR:root:[PUSH DATA] Entry number #58, DOI=10.1016/j.virol.2007.06.009, couldn't be posted. Reason: {'status': 400, 'message': 'Validation error.', 'errors': [{'field': 'metadata.custom', 'message': 'No values were provided for term "obo:RO_0002453".'}]}. Status Code: 400
ERROR:root:[PUSH DATA] Entry number #59, DOI=10.1016/j.virol.2014.10.017, couldn't be posted. Reason: {'status': 400, 'message': 'Validation error.', 'errors': [{'field': 'metadata.custom', 'message': 'No values were provided for term "obo:RO_0002453".'}]}. Status Code: 400
ERROR:root:[PUSH DATA] Entry number #61, DOI=10.1016/j.virol.2017.03.019, couldn't be posted. Reason: {'status': 400, 'message': 'Validation error.', 'errors': [{'field': 'metadata.custom', 'message': 'No values were provided for term "obo:RO_0002453".'}]}. Status Code: 400
ERROR:root:[PUSH DATA] Entry number #62, DOI=10.1007/s12250-016-3713-9, couldn't be posted. Reason: {'status': 400, 'message': 'Validation error.', 'errors': [{'field': 'metadata.custom', 'message': 'No values were provided for term "obo:RO_0002453".'}]}. Status Code: 400
ERROR:root:[PUSH DATA] Entry number #63, DOI=10.1007/s12250-016-3727-3, couldn't be posted. Reason: {'status': 400, 'message': 'Validation error.', 'errors': [{'field': 'metadata.custom', 'message': 'No values were provided for term "obo:RO_0002453".'}]}. Status Code: 400
ERROR:root:[PUSH DATA] Entry number #66, DOI=10.3390/v11030210, couldn't be posted. Reason: {'status': 400, 'message': 'Validation error.', 'errors': [{'field': 'metadata.doi', 'message': 'DOI already exists in Zenodo.'}]}. Status Code: 400
ERROR:root:[PUSH DATA] Entry number #89, DOI=10.1038/s41426-018-0155-5, couldn't be posted. Reason: {'status': 400, 'message': 'Validation error.', 'errors': [{'field': 'metadata.custom', 'message': 'No values were provided for term "obo:RO_0002453".'}]}. Status Code: 400
ERROR:root:[PUSH DATA] Entry number #91, DOI=10.1159/000149135, couldn't be posted. Reason: {'status': 400, 'message': 'Validation error.', 'errors': [{'field': 'metadata.custom', 'message': 'No values were provided for term "obo:RO_0002453".'}]}. Status Code: 400
ERROR:root:[PUSH DATA] Entry number #93, DOI=10.1038/ncomms1796, couldn't be posted. Reason: {'status': 400, 'message': 'Validation error.', 'errors': [{'field': 'metadata.custom', 'message': 'No values were provided for term "obo:RO_0002453".'}]}. Status Code: 400
ERROR:root:[PUSH DATA] Entry number #97, DOI=10.1002/jmv.25682, couldn't be posted. Reason: {'status': 400, 'message': 'Validation error.', 'errors': [{'field': 'metadata.custom', 'message': 'No values were provided for term "obo:RO_0002453".'}]}. Status Code: 400
ERROR:root:[PUSH DATA] Entry number #100, DOI=10.1007/s00705-013-1659-x, couldn't be posted. Reason: {'status': 400, 'message': 'Validation error.', 'errors': [{'field': 'metadata.custom', 'message': 'No values were provided for term "obo:RO_0002453".'}]}. Status Code: 400
ERROR:root:[PUSH DATA] Entry number #114, DOI=10.1093/infdis/jiy018, couldn't be posted. Reason: {'status': 400, 'message': 'Validation error.', 'errors': [{'field': 'metadata.custom', 'message': 'No values were provided for term "obo:RO_0002453".'}]}. Status Code: 400
ERROR:root:[PUSH DATA] Entry number #123, DOI=10.1073/pnas.1310744110, couldn't be posted. Reason: {'status': 400, 'message': 'Validation error.', 'errors': [{'field': 'metadata.custom', 'message': 'No values were provided for term "obo:RO_0002453".'}]}. Status Code: 400
ERROR:root:[PUSH DATA] Entry number #124, DOI=10.1016/j.cub.2020.03.022, couldn't be posted. Reason: {'status': 400, 'message': 'Validation error.', 'errors': [{'field': 'metadata.custom', 'message': 'No values were provided for term "obo:RO_0002453".'}]}. Status Code: 400
ERROR:root:[PUSH DATA] Entry number #126, DOI=10.1128/JVI.01394-09, couldn't be posted. Reason: {'status': 400, 'message': "Validation error: {u', object': [u'porcine coronavirus', u'PCoV']} is not valid under any of the given schemas."}. Status Code: 400
ERROR:root:[PUSH DATA] Entry number #133, DOI=10.1038/s41598-017-11384-w, couldn't be posted. Reason: {'status': 400, 'message': 'Validation error.', 'errors': [{'field': 'metadata.custom', 'message': 'No values were provided for term "obo:RO_0002453".'}]}. Status Code: 400
ERROR:root:[PUSH DATA] Entry number #138, DOI=10.1128/JVI.01498-14, couldn't be posted. Reason: {'status': 400, 'message': 'Validation error.', 'errors': [{'field': 'metadata.doi', 'message': 'DOI already exists in Zenodo.'}]}. Status Code: 400
ERROR:root:[PUSH DATA] Entry number #153, DOI=10.1016/S0065-3527(06)66005-3, couldn't be posted. Reason: {'status': 400, 'message': 'Validation error.', 'errors': [{'field': 'metadata.custom', 'message': 'No values were provided for term "obo:RO_0002453".'}]}. Status Code: 400
ERROR:root:[PUSH DATA] Entry number #159, DOI=10.1371/journal.pone.0052752, couldn't be posted. Reason: {'status': 400, 'message': 'Validation error.', 'errors': [{'field': 'metadata.custom', 'message': 'No values were provided for term "obo:RO_0002453".'}]}. Status Code: 400
ERROR:root:[PUSH DATA] Entry number #160, DOI=10.1016/j.ijppaw.2014.06.003, couldn't be posted. Reason: {'status': 400, 'message': 'Validation error.', 'errors': [{'field': 'metadata.custom', 'message': 'No values were provided for term "obo:RO_0002453".'}]}. Status Code: 400
ERROR:root:[PUSH DATA] Entry number #161, DOI=10.1093/infdis/jiv476, couldn't be posted. Reason: {'status': 400, 'message': 'Validation error.', 'errors': [{'field': 'metadata.custom', 'message': 'No values were provided for term "obo:RO_0002453".'}]}. Status Code: 400
ERROR:root:[PUSH DATA] Entry number #165, DOI=10.1111/ele.12491, couldn't be posted. Reason: {'status': 400, 'message': 'Validation error.', 'errors': [{'field': 'metadata.custom', 'message': 'No values were provided for term "obo:RO_0002453".'}]}. Status Code: 400
